<?xml version="1.0" encoding="UTF-8"?>
<coverage generated="1777458308416" clover="3.2.0">
  <project timestamp="1777458308416" name="All files">
    <metrics statements="79" coveredstatements="79" conditionals="167" coveredconditionals="148" methods="39" coveredmethods="39" elements="285" coveredelements="266" complexity="0" loc="79" ncloc="79" packages="5" files="21" classes="21"/>
    <package name="home">
      <metrics statements="25" coveredstatements="25" conditionals="23" coveredconditionals="20" methods="9" coveredmethods="9"/>
      <file name="HistoryRow.tsx" path="C:\Users\HP\Desktop\immersIAmobile\checkia-mobile\components\home\HistoryRow.tsx">
        <metrics statements="11" coveredstatements="11" conditionals="21" coveredconditionals="18" methods="2" coveredmethods="2"/>
        <line num="7" count="2" type="stmt"/>
        <line num="8" count="8" type="cond" truecount="2" falsecount="1"/>
        <line num="9" count="8" type="cond" truecount="1" falsecount="1"/>
        <line num="11" count="8" type="cond" truecount="4" falsecount="0"/>
        <line num="12" count="4" type="cond" truecount="4" falsecount="0"/>
        <line num="13" count="3" type="cond" truecount="3" falsecount="1"/>
        <line num="14" count="3" type="stmt"/>
        <line num="17" count="2" type="stmt"/>
        <line num="18" count="8" type="stmt"/>
        <line num="19" count="8" type="stmt"/>
        <line num="21" count="8" type="stmt"/>
      </file>
      <file name="HomeHeader.tsx" path="C:\Users\HP\Desktop\immersIAmobile\checkia-mobile\components\home\HomeHeader.tsx">
        <metrics statements="4" coveredstatements="4" conditionals="0" coveredconditionals="0" methods="2" coveredmethods="2"/>
        <line num="6" count="2" type="stmt"/>
        <line num="7" count="5" type="stmt"/>
        <line num="8" count="5" type="stmt"/>
        <line num="16" count="1" type="stmt"/>
      </file>
      <file name="HomeHero.tsx" path="C:\Users\HP\Desktop\immersIAmobile\checkia-mobile\components\home\HomeHero.tsx">
        <metrics statements="4" coveredstatements="4" conditionals="0" coveredconditionals="0" methods="2" coveredmethods="2"/>
        <line num="7" count="2" type="stmt"/>
        <line num="8" count="5" type="stmt"/>
        <line num="9" count="5" type="stmt"/>
        <line num="13" count="1" type="stmt"/>
      </file>
      <file name="HomeStats.tsx" path="C:\Users\HP\Desktop\immersIAmobile\checkia-mobile\components\home\HomeStats.tsx">
        <metrics statements="6" coveredstatements="6" conditionals="2" coveredconditionals="2" methods="3" coveredmethods="3"/>
        <line num="6" count="2" type="stmt"/>
        <line num="7" count="5" type="stmt"/>
        <line num="8" count="5" type="stmt"/>
        <line num="10" count="1" type="stmt"/>
        <line num="17" count="2" type="stmt"/>
        <line num="18" count="15" type="stmt"/>
      </file>
    </package>
    <package name="learn">
      <metrics statements="11" coveredstatements="11" conditionals="7" coveredconditionals="6" methods="6" coveredmethods="6"/>
      <file name="ArticleRow.tsx" path="C:\Users\HP\Desktop\immersIAmobile\checkia-mobile\components\learn\ArticleRow.tsx">
        <metrics statements="2" coveredstatements="2" conditionals="2" coveredconditionals="2" methods="1" coveredmethods="1"/>
        <line num="6" count="2" type="stmt"/>
        <line num="7" count="5" type="stmt"/>
      </file>
      <file name="CategoryCard.tsx" path="C:\Users\HP\Desktop\immersIAmobile\checkia-mobile\components\learn\CategoryCard.tsx">
        <metrics statements="2" coveredstatements="2" conditionals="0" coveredconditionals="0" methods="1" coveredmethods="1"/>
        <line num="8" count="2" type="stmt"/>
        <line num="9" count="5" type="stmt"/>
      </file>
      <file name="LearnChips.tsx" path="C:\Users\HP\Desktop\immersIAmobile\checkia-mobile\components\learn\LearnChips.tsx">
        <metrics statements="3" coveredstatements="3" conditionals="5" coveredconditionals="4" methods="2" coveredmethods="2"/>
        <line num="5" count="2" type="cond" truecount="0" falsecount="1"/>
        <line num="6" count="2" type="stmt"/>
        <line num="13" count="10" type="cond" truecount="2" falsecount="0"/>
      </file>
      <file name="LearnFeatured.tsx" path="C:\Users\HP\Desktop\immersIAmobile\checkia-mobile\components\learn\LearnFeatured.tsx">
        <metrics statements="2" coveredstatements="2" conditionals="0" coveredconditionals="0" methods="1" coveredmethods="1"/>
        <line num="5" count="2" type="stmt"/>
        <line num="6" count="3" type="stmt"/>
      </file>
      <file name="LearnHeader.tsx" path="C:\Users\HP\Desktop\immersIAmobile\checkia-mobile\components\learn\LearnHeader.tsx">
        <metrics statements="2" coveredstatements="2" conditionals="0" coveredconditionals="0" methods="1" coveredmethods="1"/>
        <line num="6" count="2" type="stmt"/>
        <line num="7" count="2" type="stmt"/>
      </file>
    </package>
    <package name="profile">
      <metrics statements="2" coveredstatements="2" conditionals="4" coveredconditionals="4" methods="1" coveredmethods="1"/>
      <file name="MenuRow.tsx" path="C:\Users\HP\Desktop\immersIAmobile\checkia-mobile\components\profile\MenuRow.tsx">
        <metrics statements="2" coveredstatements="2" conditionals="4" coveredconditionals="4" methods="1" coveredmethods="1"/>
        <line num="6" count="1" type="stmt"/>
        <line num="7" count="3" type="cond" truecount="2" falsecount="0"/>
      </file>
    </package>
    <package name="ui">
      <metrics statements="14" coveredstatements="14" conditionals="37" coveredconditionals="33" methods="5" coveredmethods="5"/>
      <file name="Badge.tsx" path="C:\Users\HP\Desktop\immersIAmobile\checkia-mobile\components\ui\Badge.tsx">
        <metrics statements="4" coveredstatements="4" conditionals="0" coveredconditionals="0" methods="1" coveredmethods="1"/>
        <line num="6" count="1" type="stmt"/>
        <line num="14" count="4" type="stmt"/>
        <line num="15" count="4" type="stmt"/>
        <line num="22" count="1" type="stmt"/>
      </file>
      <file name="Button.tsx" path="C:\Users\HP\Desktop\immersIAmobile\checkia-mobile\components\ui\Button.tsx">
        <metrics statements="5" coveredstatements="5" conditionals="23" coveredconditionals="19" methods="1" coveredmethods="1"/>
        <line num="22" count="25" type="cond" truecount="2" falsecount="0"/>
        <line num="28" count="25" type="cond" truecount="2" falsecount="0"/>
        <line num="33" count="25" type="cond" truecount="2" falsecount="0"/>
        <line num="37" count="25" type="stmt"/>
        <line num="63" count="2" type="stmt"/>
      </file>
      <file name="Input.tsx" path="C:\Users\HP\Desktop\immersIAmobile\checkia-mobile\components\ui\Input.tsx">
        <metrics statements="5" coveredstatements="5" conditionals="14" coveredconditionals="14" methods="3" coveredmethods="3"/>
        <line num="20" count="53" type="stmt"/>
        <line num="22" count="53" type="stmt"/>
        <line num="43" count="1" type="stmt"/>
        <line num="44" count="1" type="stmt"/>
        <line num="69" count="2" type="stmt"/>
      </file>
    </package>
    <package name="verify">
      <metrics statements="27" coveredstatements="27" conditionals="96" coveredconditionals="85" methods="18" coveredmethods="18"/>
      <file name="AnalyzingScreen.tsx" path="C:\Users\HP\Desktop\immersIAmobile\checkia-mobile\components\verify\AnalyzingScreen.tsx">
        <metrics statements="8" coveredstatements="8" conditionals="21" coveredconditionals="17" methods="2" coveredmethods="2"/>
        <line num="14" count="1" type="stmt"/>
        <line num="15" count="1" type="stmt"/>
        <line num="16" count="1" type="stmt"/>
        <line num="18" count="1" type="stmt"/>
        <line num="38" count="2" type="stmt"/>
        <line num="39" count="2" type="stmt"/>
        <line num="40" count="2" type="stmt"/>
        <line num="42" count="2" type="stmt"/>
      </file>
      <file name="VerifyAudioTab.tsx" path="C:\Users\HP\Desktop\immersIAmobile\checkia-mobile\components\verify\VerifyAudioTab.tsx">
        <metrics statements="4" coveredstatements="4" conditionals="26" coveredconditionals="25" methods="4" coveredmethods="4"/>
        <line num="22" count="2" type="stmt"/>
        <line num="38" count="56" type="stmt"/>
        <line num="90" count="2" type="stmt"/>
        <line num="93" count="1" type="stmt"/>
      </file>
      <file name="VerifyImageTab.tsx" path="C:\Users\HP\Desktop\immersIAmobile\checkia-mobile\components\verify\VerifyImageTab.tsx">
        <metrics statements="3" coveredstatements="3" conditionals="18" coveredconditionals="18" methods="3" coveredmethods="3"/>
        <line num="18" count="2" type="stmt"/>
        <line num="51" count="1" type="stmt"/>
        <line num="74" count="1" type="stmt"/>
      </file>
      <file name="VerifyLoadingModal.tsx" path="C:\Users\HP\Desktop\immersIAmobile\checkia-mobile\components\verify\VerifyLoadingModal.tsx">
        <metrics statements="2" coveredstatements="2" conditionals="1" coveredconditionals="0" methods="1" coveredmethods="1"/>
        <line num="11" count="1" type="stmt"/>
        <line num="23" count="1" type="stmt"/>
      </file>
      <file name="VerifyNavbar.tsx" path="C:\Users\HP\Desktop\immersIAmobile\checkia-mobile\components\verify\VerifyNavbar.tsx">
        <metrics statements="1" coveredstatements="1" conditionals="0" coveredconditionals="0" methods="1" coveredmethods="1"/>
        <line num="11" count="2" type="stmt"/>
      </file>
      <file name="VerifyTabs.tsx" path="C:\Users\HP\Desktop\immersIAmobile\checkia-mobile\components\verify\VerifyTabs.tsx">
        <metrics statements="3" coveredstatements="3" conditionals="6" coveredconditionals="6" methods="3" coveredmethods="3"/>
        <line num="13" count="2" type="stmt"/>
        <line num="16" count="8" type="stmt"/>
        <line num="19" count="1" type="stmt"/>
      </file>
      <file name="VerifyTextTab.tsx" path="C:\Users\HP\Desktop\immersIAmobile\checkia-mobile\components\verify\VerifyTextTab.tsx">
        <metrics statements="1" coveredstatements="1" conditionals="0" coveredconditionals="0" methods="1" coveredmethods="1"/>
        <line num="12" count="2" type="stmt"/>
      </file>
      <file name="VerifyUrlTab.tsx" path="C:\Users\HP\Desktop\immersIAmobile\checkia-mobile\components\verify\VerifyUrlTab.tsx">
        <metrics statements="5" coveredstatements="5" conditionals="24" coveredconditionals="19" methods="3" coveredmethods="3"/>
        <line num="18" count="3" type="cond" truecount="1" falsecount="1"/>
        <line num="19" count="3" type="stmt"/>
        <line num="20" count="6" type="stmt"/>
        <line num="23" count="3" type="stmt"/>
        <line num="94" count="6" type="stmt"/>
      </file>
    </package>
  </project>
</coverage>
