{"C:\\Users\\HP\\Desktop\\immersIAmobile\\checkia-mobile\\components\\home\\HistoryRow.tsx": {"path":"C:\\Users\\HP\\Desktop\\immersIAmobile\\checkia-mobile\\components\\home\\HistoryRow.tsx","statementMap":{"0":{"start":{"line":7,"column":23},"end":{"line":15,"column":1}},"1":{"start":{"line":8,"column":15},"end":{"line":8,"column":65}},"2":{"start":{"line":9,"column":15},"end":{"line":9,"column":51}},"3":{"start":{"line":11,"column":2},"end":{"line":11,"column":77}},"4":{"start":{"line":11,"column":55},"end":{"line":11,"column":77}},"5":{"start":{"line":12,"column":2},"end":{"line":12,"column":79}},"6":{"start":{"line":12,"column":56},"end":{"line":12,"column":79}},"7":{"start":{"line":13,"column":2},"end":{"line":13,"column":75}},"8":{"start":{"line":13,"column":54},"end":{"line":13,"column":75}},"9":{"start":{"line":14,"column":2},"end":{"line":14,"column":33}},"10":{"start":{"line":17,"column":26},"end":{"line":46,"column":1}},"11":{"start":{"line":18,"column":13},"end":{"line":18,"column":39}},"12":{"start":{"line":19,"column":15},"end":{"line":19,"column":35}},"13":{"start":{"line":21,"column":2},"end":{"line":45,"column":4}}},"fnMap":{"0":{"name":"(anonymous_0)","decl":{"start":{"line":7,"column":23},"end":{"line":7,"column":24}},"loc":{"start":{"line":7,"column":38},"end":{"line":15,"column":1}},"line":7},"1":{"name":"(anonymous_1)","decl":{"start":{"line":17,"column":26},"end":{"line":17,"column":27}},"loc":{"start":{"line":17,"column":62},"end":{"line":46,"column":1}},"line":17}},"branchMap":{"0":{"loc":{"start":{"line":8,"column":16},"end":{"line":8,"column":50}},"type":"binary-expr","locations":[{"start":{"line":8,"column":16},"end":{"line":8,"column":31}},{"start":{"line":8,"column":35},"end":{"line":8,"column":44}},{"start":{"line":8,"column":48},"end":{"line":8,"column":50}}],"line":8},"1":{"loc":{"start":{"line":9,"column":16},"end":{"line":9,"column":36}},"type":"binary-expr","locations":[{"start":{"line":9,"column":16},"end":{"line":9,"column":30}},{"start":{"line":9,"column":34},"end":{"line":9,"column":36}}],"line":9},"2":{"loc":{"start":{"line":11,"column":2},"end":{"line":11,"column":77}},"type":"if","locations":[{"start":{"line":11,"column":2},"end":{"line":11,"column":77}},{"start":{},"end":{}}],"line":11},"3":{"loc":{"start":{"line":11,"column":6},"end":{"line":11,"column":53}},"type":"binary-expr","locations":[{"start":{"line":11,"column":6},"end":{"line":11,"column":26}},{"start":{"line":11,"column":30},"end":{"line":11,"column":53}}],"line":11},"4":{"loc":{"start":{"line":12,"column":2},"end":{"line":12,"column":79}},"type":"if","locations":[{"start":{"line":12,"column":2},"end":{"line":12,"column":79}},{"start":{},"end":{}}],"line":12},"5":{"loc":{"start":{"line":12,"column":6},"end":{"line":12,"column":54}},"type":"binary-expr","locations":[{"start":{"line":12,"column":6},"end":{"line":12,"column":28}},{"start":{"line":12,"column":32},"end":{"line":12,"column":54}}],"line":12},"6":{"loc":{"start":{"line":13,"column":2},"end":{"line":13,"column":75}},"type":"if","locations":[{"start":{"line":13,"column":2},"end":{"line":13,"column":75}},{"start":{},"end":{}}],"line":13},"7":{"loc":{"start":{"line":13,"column":6},"end":{"line":13,"column":52}},"type":"binary-expr","locations":[{"start":{"line":13,"column":6},"end":{"line":13,"column":28}},{"start":{"line":13,"column":32},"end":{"line":13,"column":52}}],"line":13},"8":{"loc":{"start":{"line":22,"column":42},"end":{"line":22,"column":65}},"type":"binary-expr","locations":[{"start":{"line":22,"column":42},"end":{"line":22,"column":49}},{"start":{"line":22,"column":53},"end":{"line":22,"column":65}}],"line":22},"9":{"loc":{"start":{"line":42,"column":9},"end":{"line":42,"column":25}},"type":"binary-expr","locations":[{"start":{"line":42,"column":9},"end":{"line":42,"column":19}},{"start":{"line":42,"column":23},"end":{"line":42,"column":25}}],"line":42}},"s":{"0":2,"1":8,"2":8,"3":8,"4":4,"5":4,"6":1,"7":3,"8":0,"9":3,"10":2,"11":8,"12":8,"13":8},"f":{"0":8,"1":8},"b":{"0":[8,2,0],"1":[8,0],"2":[4,4],"3":[8,4],"4":[1,3],"5":[4,3],"6":[0,3],"7":[3,3],"8":[8,6],"9":[8,1]},"_coverageSchema":"1a1c01bbd47fc00a2c39e90264f33305004495a9","hash":"a26d442544278b5d729e73f414a0c419c6e3680f"}
,"C:\\Users\\HP\\Desktop\\immersIAmobile\\checkia-mobile\\components\\home\\HomeHeader.tsx": {"path":"C:\\Users\\HP\\Desktop\\immersIAmobile\\checkia-mobile\\components\\home\\HomeHeader.tsx","statementMap":{"0":{"start":{"line":6,"column":26},"end":{"line":22,"column":1}},"1":{"start":{"line":7,"column":17},"end":{"line":7,"column":28}},"2":{"start":{"line":8,"column":2},"end":{"line":21,"column":4}},"3":{"start":{"line":16,"column":58},"end":{"line":16,"column":81}}},"fnMap":{"0":{"name":"(anonymous_0)","decl":{"start":{"line":6,"column":26},"end":{"line":6,"column":27}},"loc":{"start":{"line":6,"column":58},"end":{"line":22,"column":1}},"line":6},"1":{"name":"(anonymous_1)","decl":{"start":{"line":16,"column":52},"end":{"line":16,"column":53}},"loc":{"start":{"line":16,"column":58},"end":{"line":16,"column":81}},"line":16}},"branchMap":{},"s":{"0":2,"1":5,"2":5,"3":1},"f":{"0":5,"1":1},"b":{},"_coverageSchema":"1a1c01bbd47fc00a2c39e90264f33305004495a9","hash":"019b92159d5aba5349ddf548e6c8526ce77c3801"}
,"C:\\Users\\HP\\Desktop\\immersIAmobile\\checkia-mobile\\components\\home\\HomeHero.tsx": {"path":"C:\\Users\\HP\\Desktop\\immersIAmobile\\checkia-mobile\\components\\home\\HomeHero.tsx","statementMap":{"0":{"start":{"line":7,"column":24},"end":{"line":19,"column":1}},"1":{"start":{"line":8,"column":17},"end":{"line":8,"column":28}},"2":{"start":{"line":9,"column":2},"end":{"line":18,"column":4}},"3":{"start":{"line":13,"column":57},"end":{"line":13,"column":79}}},"fnMap":{"0":{"name":"(anonymous_0)","decl":{"start":{"line":7,"column":24},"end":{"line":7,"column":25}},"loc":{"start":{"line":7,"column":30},"end":{"line":19,"column":1}},"line":7},"1":{"name":"(anonymous_1)","decl":{"start":{"line":13,"column":51},"end":{"line":13,"column":52}},"loc":{"start":{"line":13,"column":57},"end":{"line":13,"column":79}},"line":13}},"branchMap":{},"s":{"0":2,"1":5,"2":5,"3":1},"f":{"0":5,"1":1},"b":{},"_coverageSchema":"1a1c01bbd47fc00a2c39e90264f33305004495a9","hash":"d9ee675aa45754df913bea497d35a4ee0449b463"}
,"C:\\Users\\HP\\Desktop\\immersIAmobile\\checkia-mobile\\components\\home\\HomeStats.tsx": {"path":"C:\\Users\\HP\\Desktop\\immersIAmobile\\checkia-mobile\\components\\home\\HomeStats.tsx","statementMap":{"0":{"start":{"line":6,"column":25},"end":{"line":15,"column":1}},"1":{"start":{"line":7,"column":17},"end":{"line":7,"column":28}},"2":{"start":{"line":8,"column":2},"end":{"line":14,"column":4}},"3":{"start":{"line":10,"column":90},"end":{"line":10,"column":113}},"4":{"start":{"line":17,"column":17},"end":{"line":22,"column":1}},"5":{"start":{"line":18,"column":2},"end":{"line":21,"column":21}}},"fnMap":{"0":{"name":"(anonymous_0)","decl":{"start":{"line":6,"column":25},"end":{"line":6,"column":26}},"loc":{"start":{"line":6,"column":45},"end":{"line":15,"column":1}},"line":6},"1":{"name":"(anonymous_1)","decl":{"start":{"line":10,"column":84},"end":{"line":10,"column":85}},"loc":{"start":{"line":10,"column":90},"end":{"line":10,"column":113}},"line":10},"2":{"name":"(anonymous_2)","decl":{"start":{"line":17,"column":17},"end":{"line":17,"column":18}},"loc":{"start":{"line":18,"column":2},"end":{"line":21,"column":21}},"line":18}},"branchMap":{"0":{"loc":{"start":{"line":19,"column":40},"end":{"line":19,"column":55}},"type":"binary-expr","locations":[{"start":{"line":19,"column":40},"end":{"line":19,"column":45}},{"start":{"line":19,"column":49},"end":{"line":19,"column":55}}],"line":19}},"s":{"0":2,"1":5,"2":5,"3":1,"4":2,"5":15},"f":{"0":5,"1":1,"2":15},"b":{"0":[15,5]},"_coverageSchema":"1a1c01bbd47fc00a2c39e90264f33305004495a9","hash":"4f24aeb13dad9ac920a5b8f630ba5aeb3f46bec6"}
,"C:\\Users\\HP\\Desktop\\immersIAmobile\\checkia-mobile\\components\\learn\\ArticleRow.tsx": {"path":"C:\\Users\\HP\\Desktop\\immersIAmobile\\checkia-mobile\\components\\learn\\ArticleRow.tsx","statementMap":{"0":{"start":{"line":6,"column":26},"end":{"line":19,"column":1}},"1":{"start":{"line":7,"column":2},"end":{"line":18,"column":21}}},"fnMap":{"0":{"name":"(anonymous_0)","decl":{"start":{"line":6,"column":26},"end":{"line":6,"column":27}},"loc":{"start":{"line":7,"column":2},"end":{"line":18,"column":21}},"line":7}},"branchMap":{"0":{"loc":{"start":{"line":8,"column":26},"end":{"line":8,"column":52}},"type":"binary-expr","locations":[{"start":{"line":8,"column":26},"end":{"line":8,"column":33}},{"start":{"line":8,"column":37},"end":{"line":8,"column":52}}],"line":8}},"s":{"0":2,"1":5},"f":{"0":5},"b":{"0":[5,4]},"_coverageSchema":"1a1c01bbd47fc00a2c39e90264f33305004495a9","hash":"24f7a4afb3eb818a6507e67f545d1870152038ea"}
,"C:\\Users\\HP\\Desktop\\immersIAmobile\\checkia-mobile\\components\\learn\\CategoryCard.tsx": {"path":"C:\\Users\\HP\\Desktop\\immersIAmobile\\checkia-mobile\\components\\learn\\CategoryCard.tsx","statementMap":{"0":{"start":{"line":8,"column":28},"end":{"line":14,"column":1}},"1":{"start":{"line":9,"column":2},"end":{"line":13,"column":21}}},"fnMap":{"0":{"name":"(anonymous_0)","decl":{"start":{"line":8,"column":28},"end":{"line":8,"column":29}},"loc":{"start":{"line":9,"column":2},"end":{"line":13,"column":21}},"line":9}},"branchMap":{},"s":{"0":2,"1":5},"f":{"0":5},"b":{},"_coverageSchema":"1a1c01bbd47fc00a2c39e90264f33305004495a9","hash":"8041d019b354fdd953b501419c651d10c05dad75"}
,"C:\\Users\\HP\\Desktop\\immersIAmobile\\checkia-mobile\\components\\learn\\LearnChips.tsx": {"path":"C:\\Users\\HP\\Desktop\\immersIAmobile\\checkia-mobile\\components\\learn\\LearnChips.tsx","statementMap":{"0":{"start":{"line":5,"column":26},"end":{"line":18,"column":1}},"1":{"start":{"line":6,"column":2},"end":{"line":17,"column":15}},"2":{"start":{"line":13,"column":6},"end":{"line":15,"column":25}}},"fnMap":{"0":{"name":"(anonymous_0)","decl":{"start":{"line":5,"column":26},"end":{"line":5,"column":27}},"loc":{"start":{"line":6,"column":2},"end":{"line":17,"column":15}},"line":6},"1":{"name":"(anonymous_1)","decl":{"start":{"line":12,"column":15},"end":{"line":12,"column":16}},"loc":{"start":{"line":13,"column":6},"end":{"line":15,"column":25}},"line":13}},"branchMap":{"0":{"loc":{"start":{"line":5,"column":29},"end":{"line":5,"column":44}},"type":"default-arg","locations":[{"start":{"line":5,"column":43},"end":{"line":5,"column":44}}],"line":5},"1":{"loc":{"start":{"line":13,"column":51},"end":{"line":13,"column":84}},"type":"binary-expr","locations":[{"start":{"line":13,"column":51},"end":{"line":13,"column":68}},{"start":{"line":13,"column":72},"end":{"line":13,"column":84}}],"line":13},"2":{"loc":{"start":{"line":14,"column":34},"end":{"line":14,"column":71}},"type":"binary-expr","locations":[{"start":{"line":14,"column":34},"end":{"line":14,"column":51}},{"start":{"line":14,"column":55},"end":{"line":14,"column":71}}],"line":14}},"s":{"0":2,"1":2,"2":10},"f":{"0":2,"1":10},"b":{"0":[0],"1":[10,2],"2":[10,2]},"_coverageSchema":"1a1c01bbd47fc00a2c39e90264f33305004495a9","hash":"38d91e1a5d1ac58d47c63b7b94179638987f07c4"}
,"C:\\Users\\HP\\Desktop\\immersIAmobile\\checkia-mobile\\components\\learn\\LearnFeatured.tsx": {"path":"C:\\Users\\HP\\Desktop\\immersIAmobile\\checkia-mobile\\components\\learn\\LearnFeatured.tsx","statementMap":{"0":{"start":{"line":5,"column":29},"end":{"line":17,"column":1}},"1":{"start":{"line":6,"column":2},"end":{"line":16,"column":21}}},"fnMap":{"0":{"name":"(anonymous_0)","decl":{"start":{"line":5,"column":29},"end":{"line":5,"column":30}},"loc":{"start":{"line":6,"column":2},"end":{"line":16,"column":21}},"line":6}},"branchMap":{},"s":{"0":2,"1":3},"f":{"0":3},"b":{},"_coverageSchema":"1a1c01bbd47fc00a2c39e90264f33305004495a9","hash":"12974ea8ae96e2cb3fe3f5682dcd90b4e548d20b"}
,"C:\\Users\\HP\\Desktop\\immersIAmobile\\checkia-mobile\\components\\learn\\LearnHeader.tsx": {"path":"C:\\Users\\HP\\Desktop\\immersIAmobile\\checkia-mobile\\components\\learn\\LearnHeader.tsx","statementMap":{"0":{"start":{"line":6,"column":27},"end":{"line":13,"column":1}},"1":{"start":{"line":7,"column":2},"end":{"line":12,"column":9}}},"fnMap":{"0":{"name":"(anonymous_0)","decl":{"start":{"line":6,"column":27},"end":{"line":6,"column":28}},"loc":{"start":{"line":7,"column":2},"end":{"line":12,"column":9}},"line":7}},"branchMap":{},"s":{"0":2,"1":2},"f":{"0":2},"b":{},"_coverageSchema":"1a1c01bbd47fc00a2c39e90264f33305004495a9","hash":"2690890daa598a8eee64278723f8bdedeb037a31"}
,"C:\\Users\\HP\\Desktop\\immersIAmobile\\checkia-mobile\\components\\profile\\MenuRow.tsx": {"path":"C:\\Users\\HP\\Desktop\\immersIAmobile\\checkia-mobile\\components\\profile\\MenuRow.tsx","statementMap":{"0":{"start":{"line":6,"column":23},"end":{"line":17,"column":1}},"1":{"start":{"line":7,"column":2},"end":{"line":16,"column":21}}},"fnMap":{"0":{"name":"(anonymous_0)","decl":{"start":{"line":6,"column":23},"end":{"line":6,"column":24}},"loc":{"start":{"line":7,"column":2},"end":{"line":16,"column":21}},"line":7}},"branchMap":{"0":{"loc":{"start":{"line":7,"column":39},"end":{"line":7,"column":65}},"type":"binary-expr","locations":[{"start":{"line":7,"column":39},"end":{"line":7,"column":46}},{"start":{"line":7,"column":50},"end":{"line":7,"column":65}}],"line":7},"1":{"loc":{"start":{"line":13,"column":7},"end":{"line":13,"column":66}},"type":"binary-expr","locations":[{"start":{"line":13,"column":7},"end":{"line":13,"column":17}},{"start":{"line":13,"column":21},"end":{"line":13,"column":66}}],"line":13}},"s":{"0":1,"1":3},"f":{"0":3},"b":{"0":[3,1],"1":[3,1]},"_coverageSchema":"1a1c01bbd47fc00a2c39e90264f33305004495a9","hash":"8c8f86dfcd20860f07b4ff9867c02eaa120cd361"}
,"C:\\Users\\HP\\Desktop\\immersIAmobile\\checkia-mobile\\components\\ui\\Badge.tsx": {"path":"C:\\Users\\HP\\Desktop\\immersIAmobile\\checkia-mobile\\components\\ui\\Badge.tsx","statementMap":{"0":{"start":{"line":6,"column":75},"end":{"line":11,"column":1}},"1":{"start":{"line":14,"column":28},"end":{"line":14,"column":43}},"2":{"start":{"line":15,"column":2},"end":{"line":19,"column":4}},"3":{"start":{"line":22,"column":15},"end":{"line":25,"column":2}}},"fnMap":{"0":{"name":"Badge","decl":{"start":{"line":13,"column":16},"end":{"line":13,"column":21}},"loc":{"start":{"line":13,"column":57},"end":{"line":20,"column":1}},"line":13}},"branchMap":{},"s":{"0":1,"1":4,"2":4,"3":1},"f":{"0":4},"b":{},"_coverageSchema":"1a1c01bbd47fc00a2c39e90264f33305004495a9","hash":"203aa9aacebbcbc8432b2f2e4b49f33f7dccf615"}
,"C:\\Users\\HP\\Desktop\\immersIAmobile\\checkia-mobile\\components\\ui\\Button.tsx": {"path":"C:\\Users\\HP\\Desktop\\immersIAmobile\\checkia-mobile\\components\\ui\\Button.tsx","statementMap":{"0":{"start":{"line":22,"column":4},"end":{"line":25,"column":17}},"1":{"start":{"line":28,"column":4},"end":{"line":30,"column":17}},"2":{"start":{"line":33,"column":4},"end":{"line":35,"column":13}},"3":{"start":{"line":37,"column":2},"end":{"line":60,"column":4}},"4":{"start":{"line":63,"column":15},"end":{"line":86,"column":2}}},"fnMap":{"0":{"name":"Button","decl":{"start":{"line":16,"column":16},"end":{"line":16,"column":22}},"loc":{"start":{"line":19,"column":10},"end":{"line":61,"column":1}},"line":19}},"branchMap":{"0":{"loc":{"start":{"line":17,"column":18},"end":{"line":17,"column":37}},"type":"default-arg","locations":[{"start":{"line":17,"column":28},"end":{"line":17,"column":37}}],"line":17},"1":{"loc":{"start":{"line":22,"column":4},"end":{"line":25,"column":17}},"type":"cond-expr","locations":[{"start":{"line":22,"column":30},"end":{"line":22,"column":43}},{"start":{"line":23,"column":4},"end":{"line":25,"column":17}}],"line":22},"2":{"loc":{"start":{"line":23,"column":4},"end":{"line":25,"column":17}},"type":"cond-expr","locations":[{"start":{"line":23,"column":30},"end":{"line":23,"column":42}},{"start":{"line":24,"column":4},"end":{"line":25,"column":17}}],"line":23},"3":{"loc":{"start":{"line":24,"column":4},"end":{"line":25,"column":17}},"type":"cond-expr","locations":[{"start":{"line":24,"column":30},"end":{"line":24,"column":44}},{"start":{"line":25,"column":4},"end":{"line":25,"column":17}}],"line":24},"4":{"loc":{"start":{"line":28,"column":4},"end":{"line":30,"column":17}},"type":"cond-expr","locations":[{"start":{"line":28,"column":28},"end":{"line":28,"column":40}},{"start":{"line":29,"column":4},"end":{"line":30,"column":17}}],"line":28},"5":{"loc":{"start":{"line":29,"column":4},"end":{"line":30,"column":17}},"type":"cond-expr","locations":[{"start":{"line":29,"column":28},"end":{"line":29,"column":40}},{"start":{"line":30,"column":4},"end":{"line":30,"column":17}}],"line":29},"6":{"loc":{"start":{"line":33,"column":4},"end":{"line":35,"column":13}},"type":"cond-expr","locations":[{"start":{"line":33,"column":30},"end":{"line":33,"column":41}},{"start":{"line":34,"column":4},"end":{"line":35,"column":13}}],"line":33},"7":{"loc":{"start":{"line":34,"column":4},"end":{"line":35,"column":13}},"type":"cond-expr","locations":[{"start":{"line":34,"column":30},"end":{"line":34,"column":43}},{"start":{"line":35,"column":4},"end":{"line":35,"column":13}}],"line":34},"8":{"loc":{"start":{"line":45,"column":17},"end":{"line":45,"column":44}},"type":"cond-expr","locations":[{"start":{"line":45,"column":29},"end":{"line":45,"column":35}},{"start":{"line":45,"column":38},"end":{"line":45,"column":44}}],"line":45},"9":{"loc":{"start":{"line":46,"column":24},"end":{"line":46,"column":40}},"type":"cond-expr","locations":[{"start":{"line":46,"column":33},"end":{"line":46,"column":36}},{"start":{"line":46,"column":39},"end":{"line":46,"column":40}}],"line":46},"10":{"loc":{"start":{"line":51,"column":7},"end":{"line":58,"column":7}},"type":"cond-expr","locations":[{"start":{"line":52,"column":8},"end":{"line":52,"column":40}},{"start":{"line":54,"column":8},"end":{"line":57,"column":15}}],"line":51},"11":{"loc":{"start":{"line":55,"column":11},"end":{"line":55,"column":58}},"type":"binary-expr","locations":[{"start":{"line":55,"column":11},"end":{"line":55,"column":15}},{"start":{"line":55,"column":19},"end":{"line":55,"column":58}}],"line":55}},"s":{"0":25,"1":25,"2":25,"3":25,"4":2},"f":{"0":25},"b":{"0":[19],"1":[19,6],"2":[0,6],"3":[6,0],"4":[19,6],"5":[0,6],"6":[6,19],"7":[0,19],"8":[22,3],"9":[6,19],"10":[4,21],"11":[21,5]},"_coverageSchema":"1a1c01bbd47fc00a2c39e90264f33305004495a9","hash":"5fd5d13f9e16e063c454d7b19fa9a7a7991fab52"}
,"C:\\Users\\HP\\Desktop\\immersIAmobile\\checkia-mobile\\components\\ui\\Input.tsx": {"path":"C:\\Users\\HP\\Desktop\\immersIAmobile\\checkia-mobile\\components\\ui\\Input.tsx","statementMap":{"0":{"start":{"line":20,"column":32},"end":{"line":20,"column":47}},"1":{"start":{"line":22,"column":2},"end":{"line":66,"column":4}},"2":{"start":{"line":43,"column":28},"end":{"line":43,"column":45}},"3":{"start":{"line":43,"column":47},"end":{"line":43,"column":66}},"4":{"start":{"line":44,"column":28},"end":{"line":44,"column":46}},"5":{"start":{"line":44,"column":47},"end":{"line":44,"column":65}},"6":{"start":{"line":69,"column":15},"end":{"line":122,"column":2}}},"fnMap":{"0":{"name":"Input","decl":{"start":{"line":16,"column":16},"end":{"line":16,"column":21}},"loc":{"start":{"line":19,"column":10},"end":{"line":67,"column":1}},"line":19},"1":{"name":"(anonymous_1)","decl":{"start":{"line":43,"column":19},"end":{"line":43,"column":20}},"loc":{"start":{"line":43,"column":26},"end":{"line":43,"column":68}},"line":43},"2":{"name":"(anonymous_2)","decl":{"start":{"line":44,"column":18},"end":{"line":44,"column":19}},"loc":{"start":{"line":44,"column":26},"end":{"line":44,"column":68}},"line":44}},"branchMap":{"0":{"loc":{"start":{"line":24,"column":7},"end":{"line":26,"column":14}},"type":"cond-expr","locations":[{"start":{"line":25,"column":8},"end":{"line":25,"column":49}},{"start":{"line":26,"column":10},"end":{"line":26,"column":14}}],"line":24},"1":{"loc":{"start":{"line":30,"column":8},"end":{"line":30,"column":42}},"type":"binary-expr","locations":[{"start":{"line":30,"column":8},"end":{"line":30,"column":15}},{"start":{"line":30,"column":19},"end":{"line":30,"column":42}}],"line":30},"2":{"loc":{"start":{"line":31,"column":8},"end":{"line":31,"column":40}},"type":"binary-expr","locations":[{"start":{"line":31,"column":8},"end":{"line":31,"column":15}},{"start":{"line":31,"column":19},"end":{"line":31,"column":40}}],"line":31},"3":{"loc":{"start":{"line":33,"column":9},"end":{"line":35,"column":16}},"type":"cond-expr","locations":[{"start":{"line":34,"column":10},"end":{"line":34,"column":57}},{"start":{"line":35,"column":12},"end":{"line":35,"column":16}}],"line":33},"4":{"loc":{"start":{"line":47,"column":9},"end":{"line":59,"column":16}},"type":"cond-expr","locations":[{"start":{"line":48,"column":10},"end":{"line":58,"column":11}},{"start":{"line":59,"column":12},"end":{"line":59,"column":16}}],"line":47},"5":{"loc":{"start":{"line":48,"column":10},"end":{"line":58,"column":11}},"type":"cond-expr","locations":[{"start":{"line":49,"column":12},"end":{"line":55,"column":31}},{"start":{"line":57,"column":12},"end":{"line":57,"column":61}}],"line":48},"6":{"loc":{"start":{"line":62,"column":7},"end":{"line":64,"column":14}},"type":"cond-expr","locations":[{"start":{"line":63,"column":8},"end":{"line":63,"column":49}},{"start":{"line":64,"column":10},"end":{"line":64,"column":14}}],"line":62}},"s":{"0":53,"1":53,"2":1,"3":1,"4":1,"5":1,"6":2},"f":{"0":53,"1":1,"2":1},"b":{"0":[14,39],"1":[53,1],"2":[53,1],"3":[29,24],"4":[15,38],"5":[14,1],"6":[1,52]},"_coverageSchema":"1a1c01bbd47fc00a2c39e90264f33305004495a9","hash":"deb9b04c58cddc84b0bafa99c8d57d6f672ba93b"}
,"C:\\Users\\HP\\Desktop\\immersIAmobile\\checkia-mobile\\components\\verify\\AnalyzingScreen.tsx": {"path":"C:\\Users\\HP\\Desktop\\immersIAmobile\\checkia-mobile\\components\\verify\\AnalyzingScreen.tsx","statementMap":{"0":{"start":{"line":14,"column":22},"end":{"line":14,"column":60}},"1":{"start":{"line":15,"column":15},"end":{"line":15,"column":39}},"2":{"start":{"line":16,"column":19},"end":{"line":16,"column":46}},"3":{"start":{"line":18,"column":2},"end":{"line":78,"column":4}},"4":{"start":{"line":38,"column":27},"end":{"line":38,"column":35}},"5":{"start":{"line":39,"column":29},"end":{"line":39,"column":39}},"6":{"start":{"line":40,"column":30},"end":{"line":40,"column":38}},"7":{"start":{"line":42,"column":12},"end":{"line":65,"column":14}}},"fnMap":{"0":{"name":"AnalyzingScreen","decl":{"start":{"line":13,"column":24},"end":{"line":13,"column":39}},"loc":{"start":{"line":13,"column":66},"end":{"line":79,"column":1}},"line":13},"1":{"name":"(anonymous_1)","decl":{"start":{"line":37,"column":30},"end":{"line":37,"column":31}},"loc":{"start":{"line":37,"column":41},"end":{"line":66,"column":11}},"line":37}},"branchMap":{"0":{"loc":{"start":{"line":45,"column":45},"end":{"line":45,"column":70}},"type":"binary-expr","locations":[{"start":{"line":45,"column":45},"end":{"line":45,"column":51}},{"start":{"line":45,"column":55},"end":{"line":45,"column":70}}],"line":45},"1":{"loc":{"start":{"line":45,"column":72},"end":{"line":45,"column":101}},"type":"binary-expr","locations":[{"start":{"line":45,"column":72},"end":{"line":45,"column":80}},{"start":{"line":45,"column":84},"end":{"line":45,"column":101}}],"line":45},"2":{"loc":{"start":{"line":45,"column":103},"end":{"line":45,"column":134}},"type":"binary-expr","locations":[{"start":{"line":45,"column":103},"end":{"line":45,"column":112}},{"start":{"line":45,"column":116},"end":{"line":45,"column":134}}],"line":45},"3":{"loc":{"start":{"line":46,"column":21},"end":{"line":52,"column":21}},"type":"cond-expr","locations":[{"start":{"line":47,"column":22},"end":{"line":47,"column":77}},{"start":{"line":48,"column":24},"end":{"line":52,"column":21}}],"line":46},"4":{"loc":{"start":{"line":48,"column":24},"end":{"line":52,"column":21}},"type":"cond-expr","locations":[{"start":{"line":49,"column":22},"end":{"line":49,"column":72}},{"start":{"line":51,"column":22},"end":{"line":51,"column":61}}],"line":48},"5":{"loc":{"start":{"line":56,"column":48},"end":{"line":56,"column":80}},"type":"binary-expr","locations":[{"start":{"line":56,"column":48},"end":{"line":56,"column":57}},{"start":{"line":56,"column":61},"end":{"line":56,"column":80}}],"line":56},"6":{"loc":{"start":{"line":57,"column":21},"end":{"line":57,"column":95}},"type":"binary-expr","locations":[{"start":{"line":57,"column":21},"end":{"line":57,"column":27}},{"start":{"line":57,"column":32},"end":{"line":57,"column":38}},{"start":{"line":57,"column":42},"end":{"line":57,"column":50}},{"start":{"line":57,"column":55},"end":{"line":57,"column":95}}],"line":57},"7":{"loc":{"start":{"line":60,"column":19},"end":{"line":60,"column":90}},"type":"binary-expr","locations":[{"start":{"line":60,"column":19},"end":{"line":60,"column":27}},{"start":{"line":60,"column":31},"end":{"line":60,"column":39}},{"start":{"line":60,"column":43},"end":{"line":60,"column":90}}],"line":60},"8":{"loc":{"start":{"line":63,"column":17},"end":{"line":63,"column":83}},"type":"binary-expr","locations":[{"start":{"line":63,"column":17},"end":{"line":63,"column":46}},{"start":{"line":63,"column":50},"end":{"line":63,"column":83}}],"line":63}},"s":{"0":1,"1":1,"2":1,"3":1,"4":2,"5":2,"6":2,"7":2},"f":{"0":1,"1":2},"b":{"0":[2,1],"1":[2,1],"2":[2,0],"3":[1,1],"4":[1,0],"5":[2,0],"6":[2,2,1,2],"7":[2,1,0],"8":[2,1]},"_coverageSchema":"1a1c01bbd47fc00a2c39e90264f33305004495a9","hash":"e00d64146b6f9c62f108e813bca5e254fba7dff1"}
,"C:\\Users\\HP\\Desktop\\immersIAmobile\\checkia-mobile\\components\\verify\\VerifyAudioTab.tsx": {"path":"C:\\Users\\HP\\Desktop\\immersIAmobile\\checkia-mobile\\components\\verify\\VerifyAudioTab.tsx","statementMap":{"0":{"start":{"line":22,"column":2},"end":{"line":110,"column":4}},"1":{"start":{"line":38,"column":12},"end":{"line":44,"column":14}},"2":{"start":{"line":90,"column":8},"end":{"line":107,"column":27}},"3":{"start":{"line":93,"column":25},"end":{"line":93,"column":47}}},"fnMap":{"0":{"name":"VerifyAudioTab","decl":{"start":{"line":18,"column":24},"end":{"line":18,"column":38}},"loc":{"start":{"line":21,"column":10},"end":{"line":111,"column":1}},"line":21},"1":{"name":"(anonymous_1)","decl":{"start":{"line":37,"column":42},"end":{"line":37,"column":43}},"loc":{"start":{"line":38,"column":12},"end":{"line":44,"column":14}},"line":38},"2":{"name":"(anonymous_2)","decl":{"start":{"line":89,"column":25},"end":{"line":89,"column":26}},"loc":{"start":{"line":90,"column":8},"end":{"line":107,"column":27}},"line":90},"3":{"name":"(anonymous_3)","decl":{"start":{"line":93,"column":19},"end":{"line":93,"column":20}},"loc":{"start":{"line":93,"column":25},"end":{"line":93,"column":47}},"line":93}},"branchMap":{"0":{"loc":{"start":{"line":28,"column":31},"end":{"line":28,"column":63}},"type":"binary-expr","locations":[{"start":{"line":28,"column":31},"end":{"line":28,"column":42}},{"start":{"line":28,"column":46},"end":{"line":28,"column":63}}],"line":28},"1":{"loc":{"start":{"line":33,"column":26},"end":{"line":33,"column":54}},"type":"cond-expr","locations":[{"start":{"line":33,"column":40},"end":{"line":33,"column":46}},{"start":{"line":33,"column":49},"end":{"line":33,"column":54}}],"line":33},"2":{"loc":{"start":{"line":42,"column":63},"end":{"line":42,"column":85}},"type":"cond-expr","locations":[{"start":{"line":42,"column":77},"end":{"line":42,"column":78}},{"start":{"line":42,"column":81},"end":{"line":42,"column":85}}],"line":42},"3":{"loc":{"start":{"line":49,"column":11},"end":{"line":49,"column":87}},"type":"cond-expr","locations":[{"start":{"line":49,"column":25},"end":{"line":49,"column":58}},{"start":{"line":49,"column":61},"end":{"line":49,"column":87}}],"line":49},"4":{"loc":{"start":{"line":60,"column":29},"end":{"line":60,"column":58}},"type":"binary-expr","locations":[{"start":{"line":60,"column":29},"end":{"line":60,"column":37}},{"start":{"line":60,"column":41},"end":{"line":60,"column":58}}],"line":60},"5":{"loc":{"start":{"line":66,"column":16},"end":{"line":66,"column":66}},"type":"cond-expr","locations":[{"start":{"line":66,"column":27},"end":{"line":66,"column":41}},{"start":{"line":66,"column":44},"end":{"line":66,"column":66}}],"line":66},"6":{"loc":{"start":{"line":73,"column":13},"end":{"line":73,"column":91}},"type":"cond-expr","locations":[{"start":{"line":73,"column":25},"end":{"line":73,"column":60}},{"start":{"line":73,"column":64},"end":{"line":73,"column":91}}],"line":73},"7":{"loc":{"start":{"line":73,"column":25},"end":{"line":73,"column":60}},"type":"binary-expr","locations":[{"start":{"line":73,"column":25},"end":{"line":73,"column":34}},{"start":{"line":73,"column":38},"end":{"line":73,"column":60}}],"line":73},"8":{"loc":{"start":{"line":75,"column":11},"end":{"line":75,"column":82}},"type":"binary-expr","locations":[{"start":{"line":75,"column":11},"end":{"line":75,"column":20}},{"start":{"line":75,"column":24},"end":{"line":75,"column":82}}],"line":75},"9":{"loc":{"start":{"line":78,"column":9},"end":{"line":84,"column":9}},"type":"cond-expr","locations":[{"start":{"line":79,"column":10},"end":{"line":81,"column":29}},{"start":{"line":83,"column":10},"end":{"line":83,"column":71}}],"line":78},"10":{"loc":{"start":{"line":92,"column":33},"end":{"line":92,"column":78}},"type":"binary-expr","locations":[{"start":{"line":92,"column":33},"end":{"line":92,"column":55}},{"start":{"line":92,"column":59},"end":{"line":92,"column":78}}],"line":92},"11":{"loc":{"start":{"line":104,"column":33},"end":{"line":104,"column":72}},"type":"binary-expr","locations":[{"start":{"line":104,"column":33},"end":{"line":104,"column":55}},{"start":{"line":104,"column":59},"end":{"line":104,"column":72}}],"line":104},"12":{"loc":{"start":{"line":105,"column":13},"end":{"line":105,"column":66}},"type":"binary-expr","locations":[{"start":{"line":105,"column":13},"end":{"line":105,"column":35}},{"start":{"line":105,"column":39},"end":{"line":105,"column":66}}],"line":105}},"s":{"0":2,"1":56,"2":2,"3":1},"f":{"0":2,"1":56,"2":2,"3":1},"b":{"0":[2,1],"1":[1,1],"2":[28,28],"3":[1,1],"4":[2,1],"5":[1,1],"6":[1,1],"7":[1,0],"8":[2,1],"9":[1,1],"10":[2,2],"11":[2,2],"12":[2,2]},"_coverageSchema":"1a1c01bbd47fc00a2c39e90264f33305004495a9","hash":"4edb64f6655b1fdc216044a78e0f8e6088fa0b37"}
,"C:\\Users\\HP\\Desktop\\immersIAmobile\\checkia-mobile\\components\\verify\\VerifyImageTab.tsx": {"path":"C:\\Users\\HP\\Desktop\\immersIAmobile\\checkia-mobile\\components\\verify\\VerifyImageTab.tsx","statementMap":{"0":{"start":{"line":18,"column":2},"end":{"line":92,"column":4}},"1":{"start":{"line":51,"column":25},"end":{"line":51,"column":43}},"2":{"start":{"line":74,"column":25},"end":{"line":74,"column":49}}},"fnMap":{"0":{"name":"VerifyImageTab","decl":{"start":{"line":15,"column":24},"end":{"line":15,"column":38}},"loc":{"start":{"line":17,"column":10},"end":{"line":93,"column":1}},"line":17},"1":{"name":"(anonymous_1)","decl":{"start":{"line":51,"column":19},"end":{"line":51,"column":20}},"loc":{"start":{"line":51,"column":25},"end":{"line":51,"column":43}},"line":51},"2":{"name":"(anonymous_2)","decl":{"start":{"line":74,"column":19},"end":{"line":74,"column":20}},"loc":{"start":{"line":74,"column":25},"end":{"line":74,"column":49}},"line":74}},"branchMap":{"0":{"loc":{"start":{"line":23,"column":9},"end":{"line":33,"column":9}},"type":"cond-expr","locations":[{"start":{"line":24,"column":10},"end":{"line":24,"column":88}},{"start":{"line":26,"column":10},"end":{"line":32,"column":13}}],"line":23},"1":{"loc":{"start":{"line":36,"column":7},"end":{"line":41,"column":7}},"type":"binary-expr","locations":[{"start":{"line":36,"column":7},"end":{"line":36,"column":15}},{"start":{"line":37,"column":8},"end":{"line":40,"column":27}}],"line":36},"2":{"loc":{"start":{"line":49,"column":12},"end":{"line":49,"column":76}},"type":"cond-expr","locations":[{"start":{"line":49,"column":33},"end":{"line":49,"column":56}},{"start":{"line":49,"column":59},"end":{"line":49,"column":76}}],"line":49},"3":{"loc":{"start":{"line":54,"column":40},"end":{"line":54,"column":101}},"type":"cond-expr","locations":[{"start":{"line":54,"column":61},"end":{"line":54,"column":79}},{"start":{"line":54,"column":82},"end":{"line":54,"column":101}}],"line":54},"4":{"loc":{"start":{"line":58,"column":21},"end":{"line":58,"column":62}},"type":"cond-expr","locations":[{"start":{"line":58,"column":42},"end":{"line":58,"column":49}},{"start":{"line":58,"column":52},"end":{"line":58,"column":62}}],"line":58},"5":{"loc":{"start":{"line":61,"column":37},"end":{"line":61,"column":92}},"type":"cond-expr","locations":[{"start":{"line":61,"column":58},"end":{"line":61,"column":74}},{"start":{"line":61,"column":77},"end":{"line":61,"column":92}}],"line":61},"6":{"loc":{"start":{"line":64,"column":35},"end":{"line":64,"column":87}},"type":"cond-expr","locations":[{"start":{"line":64,"column":56},"end":{"line":64,"column":70}},{"start":{"line":64,"column":73},"end":{"line":64,"column":87}}],"line":64},"7":{"loc":{"start":{"line":72,"column":12},"end":{"line":72,"column":82}},"type":"cond-expr","locations":[{"start":{"line":72,"column":39},"end":{"line":72,"column":62}},{"start":{"line":72,"column":65},"end":{"line":72,"column":82}}],"line":72},"8":{"loc":{"start":{"line":77,"column":40},"end":{"line":77,"column":109}},"type":"cond-expr","locations":[{"start":{"line":77,"column":67},"end":{"line":77,"column":87}},{"start":{"line":77,"column":90},"end":{"line":77,"column":109}}],"line":77}},"s":{"0":2,"1":1,"2":1},"f":{"0":2,"1":1,"2":1},"b":{"0":[1,1],"1":[2,1],"2":[1,1],"3":[1,1],"4":[1,1],"5":[1,1],"6":[1,1],"7":[1,1],"8":[1,1]},"_coverageSchema":"1a1c01bbd47fc00a2c39e90264f33305004495a9","hash":"e5742ba46c491f5eb769d375919dfd1cc8f2094d"}
,"C:\\Users\\HP\\Desktop\\immersIAmobile\\checkia-mobile\\components\\verify\\VerifyLoadingModal.tsx": {"path":"C:\\Users\\HP\\Desktop\\immersIAmobile\\checkia-mobile\\components\\verify\\VerifyLoadingModal.tsx","statementMap":{"0":{"start":{"line":11,"column":2},"end":{"line":20,"column":4}},"1":{"start":{"line":23,"column":15},"end":{"line":27,"column":2}}},"fnMap":{"0":{"name":"VerifyLoadingModal","decl":{"start":{"line":10,"column":24},"end":{"line":10,"column":42}},"loc":{"start":{"line":10,"column":90},"end":{"line":21,"column":1}},"line":10}},"branchMap":{"0":{"loc":{"start":{"line":10,"column":54},"end":{"line":10,"column":79}},"type":"default-arg","locations":[{"start":{"line":10,"column":64},"end":{"line":10,"column":79}}],"line":10}},"s":{"0":1,"1":1},"f":{"0":1},"b":{"0":[0]},"_coverageSchema":"1a1c01bbd47fc00a2c39e90264f33305004495a9","hash":"401fb054d1bdea75b2f5f5408b50a412916f6d35"}
,"C:\\Users\\HP\\Desktop\\immersIAmobile\\checkia-mobile\\components\\verify\\VerifyNavbar.tsx": {"path":"C:\\Users\\HP\\Desktop\\immersIAmobile\\checkia-mobile\\components\\verify\\VerifyNavbar.tsx","statementMap":{"0":{"start":{"line":11,"column":2},"end":{"line":27,"column":4}}},"fnMap":{"0":{"name":"VerifyNavbar","decl":{"start":{"line":10,"column":24},"end":{"line":10,"column":36}},"loc":{"start":{"line":10,"column":56},"end":{"line":28,"column":1}},"line":10}},"branchMap":{},"s":{"0":2},"f":{"0":2},"b":{},"_coverageSchema":"1a1c01bbd47fc00a2c39e90264f33305004495a9","hash":"4ae7d198e099420e571775b857ffe167431e4396"}
,"C:\\Users\\HP\\Desktop\\immersIAmobile\\checkia-mobile\\components\\verify\\VerifyTabs.tsx": {"path":"C:\\Users\\HP\\Desktop\\immersIAmobile\\checkia-mobile\\components\\verify\\VerifyTabs.tsx","statementMap":{"0":{"start":{"line":13,"column":2},"end":{"line":29,"column":4}},"1":{"start":{"line":16,"column":8},"end":{"line":26,"column":27}},"2":{"start":{"line":19,"column":25},"end":{"line":19,"column":43}}},"fnMap":{"0":{"name":"VerifyTabs","decl":{"start":{"line":12,"column":24},"end":{"line":12,"column":34}},"loc":{"start":{"line":12,"column":61},"end":{"line":30,"column":1}},"line":12},"1":{"name":"(anonymous_1)","decl":{"start":{"line":15,"column":16},"end":{"line":15,"column":17}},"loc":{"start":{"line":16,"column":8},"end":{"line":26,"column":27}},"line":16},"2":{"name":"(anonymous_2)","decl":{"start":{"line":19,"column":19},"end":{"line":19,"column":20}},"loc":{"start":{"line":19,"column":25},"end":{"line":19,"column":43}},"line":19}},"branchMap":{"0":{"loc":{"start":{"line":18,"column":25},"end":{"line":18,"column":56}},"type":"binary-expr","locations":[{"start":{"line":18,"column":25},"end":{"line":18,"column":41}},{"start":{"line":18,"column":45},"end":{"line":18,"column":56}}],"line":18},"1":{"loc":{"start":{"line":22,"column":54},"end":{"line":22,"column":89}},"type":"cond-expr","locations":[{"start":{"line":22,"column":73},"end":{"line":22,"column":79}},{"start":{"line":22,"column":82},"end":{"line":22,"column":89}}],"line":22},"2":{"loc":{"start":{"line":23,"column":35},"end":{"line":23,"column":70}},"type":"binary-expr","locations":[{"start":{"line":23,"column":35},"end":{"line":23,"column":51}},{"start":{"line":23,"column":55},"end":{"line":23,"column":70}}],"line":23}},"s":{"0":2,"1":8,"2":1},"f":{"0":2,"1":8,"2":1},"b":{"0":[8,2],"1":[2,6],"2":[8,2]},"_coverageSchema":"1a1c01bbd47fc00a2c39e90264f33305004495a9","hash":"276bcb9325766a0b235afded4e5bbf43a74cb9c8"}
,"C:\\Users\\HP\\Desktop\\immersIAmobile\\checkia-mobile\\components\\verify\\VerifyTextTab.tsx": {"path":"C:\\Users\\HP\\Desktop\\immersIAmobile\\checkia-mobile\\components\\verify\\VerifyTextTab.tsx","statementMap":{"0":{"start":{"line":12,"column":2},"end":{"line":71,"column":4}}},"fnMap":{"0":{"name":"VerifyTextTab","decl":{"start":{"line":11,"column":24},"end":{"line":11,"column":37}},"loc":{"start":{"line":11,"column":66},"end":{"line":72,"column":1}},"line":11}},"branchMap":{},"s":{"0":2},"f":{"0":2},"b":{},"_coverageSchema":"1a1c01bbd47fc00a2c39e90264f33305004495a9","hash":"0a5a2a06fa204d08a73ba6f31d76bc980b35aee6"}
,"C:\\Users\\HP\\Desktop\\immersIAmobile\\checkia-mobile\\components\\verify\\VerifyUrlTab.tsx": {"path":"C:\\Users\\HP\\Desktop\\immersIAmobile\\checkia-mobile\\components\\verify\\VerifyUrlTab.tsx","statementMap":{"0":{"start":{"line":18,"column":17},"end":{"line":18,"column":41}},"1":{"start":{"line":19,"column":20},"end":{"line":21,"column":3}},"2":{"start":{"line":20,"column":4},"end":{"line":20,"column":66}},"3":{"start":{"line":23,"column":2},"end":{"line":111,"column":4}},"4":{"start":{"line":94,"column":10},"end":{"line":97,"column":17}}},"fnMap":{"0":{"name":"VerifyUrlTab","decl":{"start":{"line":15,"column":24},"end":{"line":15,"column":36}},"loc":{"start":{"line":17,"column":10},"end":{"line":112,"column":1}},"line":17},"1":{"name":"(anonymous_1)","decl":{"start":{"line":19,"column":33},"end":{"line":19,"column":34}},"loc":{"start":{"line":20,"column":4},"end":{"line":20,"column":66}},"line":20},"2":{"name":"(anonymous_2)","decl":{"start":{"line":93,"column":21},"end":{"line":93,"column":22}},"loc":{"start":{"line":94,"column":10},"end":{"line":97,"column":17}},"line":94}},"branchMap":{"0":{"loc":{"start":{"line":18,"column":17},"end":{"line":18,"column":41}},"type":"binary-expr","locations":[{"start":{"line":18,"column":17},"end":{"line":18,"column":34}},{"start":{"line":18,"column":38},"end":{"line":18,"column":41}}],"line":18},"1":{"loc":{"start":{"line":39,"column":9},"end":{"line":43,"column":9}},"type":"binary-expr","locations":[{"start":{"line":39,"column":9},"end":{"line":39,"column":23}},{"start":{"line":40,"column":10},"end":{"line":42,"column":29}}],"line":39},"2":{"loc":{"start":{"line":46,"column":7},"end":{"line":88,"column":7}},"type":"binary-expr","locations":[{"start":{"line":46,"column":8},"end":{"line":46,"column":22}},{"start":{"line":46,"column":26},"end":{"line":46,"column":48}},{"start":{"line":47,"column":8},"end":{"line":87,"column":15}}],"line":46},"3":{"loc":{"start":{"line":48,"column":11},"end":{"line":86,"column":11}},"type":"cond-expr","locations":[{"start":{"line":49,"column":12},"end":{"line":52,"column":19}},{"start":{"line":53,"column":14},"end":{"line":86,"column":11}}],"line":48},"4":{"loc":{"start":{"line":53,"column":14},"end":{"line":86,"column":11}},"type":"cond-expr","locations":[{"start":{"line":54,"column":12},"end":{"line":72,"column":19}},{"start":{"line":74,"column":12},"end":{"line":85,"column":19}}],"line":53},"5":{"loc":{"start":{"line":57,"column":20},"end":{"line":57,"column":46}},"type":"binary-expr","locations":[{"start":{"line":57,"column":20},"end":{"line":57,"column":39}},{"start":{"line":57,"column":43},"end":{"line":57,"column":46}}],"line":57},"6":{"loc":{"start":{"line":62,"column":48},"end":{"line":62,"column":68}},"type":"binary-expr","locations":[{"start":{"line":62,"column":48},"end":{"line":62,"column":62}},{"start":{"line":62,"column":66},"end":{"line":62,"column":68}}],"line":62},"7":{"loc":{"start":{"line":64,"column":19},"end":{"line":64,"column":58}},"type":"binary-expr","locations":[{"start":{"line":64,"column":19},"end":{"line":64,"column":32}},{"start":{"line":64,"column":36},"end":{"line":64,"column":58}}],"line":64},"8":{"loc":{"start":{"line":66,"column":17},"end":{"line":70,"column":17}},"type":"binary-expr","locations":[{"start":{"line":66,"column":17},"end":{"line":66,"column":31}},{"start":{"line":67,"column":18},"end":{"line":69,"column":25}}],"line":66},"9":{"loc":{"start":{"line":77,"column":20},"end":{"line":77,"column":38}},"type":"binary-expr","locations":[{"start":{"line":77,"column":20},"end":{"line":77,"column":31}},{"start":{"line":77,"column":35},"end":{"line":77,"column":38}}],"line":77},"10":{"loc":{"start":{"line":101,"column":7},"end":{"line":109,"column":7}},"type":"binary-expr","locations":[{"start":{"line":101,"column":7},"end":{"line":101,"column":21}},{"start":{"line":101,"column":25},"end":{"line":101,"column":35}},{"start":{"line":102,"column":8},"end":{"line":108,"column":15}}],"line":101}},"s":{"0":3,"1":3,"2":6,"3":3,"4":6},"f":{"0":3,"1":6,"2":6},"b":{"0":[3,0],"1":[3,3],"2":[3,2,3],"3":[1,2],"4":[1,1],"5":[1,0],"6":[1,0],"7":[1,0],"8":[1,1],"9":[1,0],"10":[3,3,3]},"_coverageSchema":"1a1c01bbd47fc00a2c39e90264f33305004495a9","hash":"107471395c144ea1be743e4327be915b6bef8dad"}
}
