TN:
SF:components\home\HistoryRow.tsx
FN:7,(anonymous_0)
FN:17,(anonymous_1)
FNF:2
FNH:2
FNDA:8,(anonymous_0)
FNDA:8,(anonymous_1)
DA:7,2
DA:8,8
DA:9,8
DA:11,8
DA:12,4
DA:13,3
DA:14,3
DA:17,2
DA:18,8
DA:19,8
DA:21,8
LF:11
LH:11
BRDA:8,0,0,8
BRDA:8,0,1,2
BRDA:8,0,2,0
BRDA:9,1,0,8
BRDA:9,1,1,0
BRDA:11,2,0,4
BRDA:11,2,1,4
BRDA:11,3,0,8
BRDA:11,3,1,4
BRDA:12,4,0,1
BRDA:12,4,1,3
BRDA:12,5,0,4
BRDA:12,5,1,3
BRDA:13,6,0,0
BRDA:13,6,1,3
BRDA:13,7,0,3
BRDA:13,7,1,3
BRDA:22,8,0,8
BRDA:22,8,1,6
BRDA:42,9,0,8
BRDA:42,9,1,1
BRF:21
BRH:18
end_of_record
TN:
SF:components\home\HomeHeader.tsx
FN:6,(anonymous_0)
FN:16,(anonymous_1)
FNF:2
FNH:2
FNDA:5,(anonymous_0)
FNDA:1,(anonymous_1)
DA:6,2
DA:7,5
DA:8,5
DA:16,1
LF:4
LH:4
BRF:0
BRH:0
end_of_record
TN:
SF:components\home\HomeHero.tsx
FN:7,(anonymous_0)
FN:13,(anonymous_1)
FNF:2
FNH:2
FNDA:5,(anonymous_0)
FNDA:1,(anonymous_1)
DA:7,2
DA:8,5
DA:9,5
DA:13,1
LF:4
LH:4
BRF:0
BRH:0
end_of_record
TN:
SF:components\home\HomeStats.tsx
FN:6,(anonymous_0)
FN:10,(anonymous_1)
FN:17,(anonymous_2)
FNF:3
FNH:3
FNDA:5,(anonymous_0)
FNDA:1,(anonymous_1)
FNDA:15,(anonymous_2)
DA:6,2
DA:7,5
DA:8,5
DA:10,1
DA:17,2
DA:18,15
LF:6
LH:6
BRDA:19,0,0,15
BRDA:19,0,1,5
BRF:2
BRH:2
end_of_record
TN:
SF:components\learn\ArticleRow.tsx
FN:6,(anonymous_0)
FNF:1
FNH:1
FNDA:5,(anonymous_0)
DA:6,2
DA:7,5
LF:2
LH:2
BRDA:8,0,0,5
BRDA:8,0,1,4
BRF:2
BRH:2
end_of_record
TN:
SF:components\learn\CategoryCard.tsx
FN:8,(anonymous_0)
FNF:1
FNH:1
FNDA:5,(anonymous_0)
DA:8,2
DA:9,5
LF:2
LH:2
BRF:0
BRH:0
end_of_record
TN:
SF:components\learn\LearnChips.tsx
FN:5,(anonymous_0)
FN:12,(anonymous_1)
FNF:2
FNH:2
FNDA:2,(anonymous_0)
FNDA:10,(anonymous_1)
DA:5,2
DA:6,2
DA:13,10
LF:3
LH:3
BRDA:5,0,0,0
BRDA:13,1,0,10
BRDA:13,1,1,2
BRDA:14,2,0,10
BRDA:14,2,1,2
BRF:5
BRH:4
end_of_record
TN:
SF:components\learn\LearnFeatured.tsx
FN:5,(anonymous_0)
FNF:1
FNH:1
FNDA:3,(anonymous_0)
DA:5,2
DA:6,3
LF:2
LH:2
BRF:0
BRH:0
end_of_record
TN:
SF:components\learn\LearnHeader.tsx
FN:6,(anonymous_0)
FNF:1
FNH:1
FNDA:2,(anonymous_0)
DA:6,2
DA:7,2
LF:2
LH:2
BRF:0
BRH:0
end_of_record
TN:
SF:components\profile\MenuRow.tsx
FN:6,(anonymous_0)
FNF:1
FNH:1
FNDA:3,(anonymous_0)
DA:6,1
DA:7,3
LF:2
LH:2
BRDA:7,0,0,3
BRDA:7,0,1,1
BRDA:13,1,0,3
BRDA:13,1,1,1
BRF:4
BRH:4
end_of_record
TN:
SF:components\ui\Badge.tsx
FN:13,Badge
FNF:1
FNH:1
FNDA:4,Badge
DA:6,1
DA:14,4
DA:15,4
DA:22,1
LF:4
LH:4
BRF:0
BRH:0
end_of_record
TN:
SF:components\ui\Button.tsx
FN:16,Button
FNF:1
FNH:1
FNDA:25,Button
DA:22,25
DA:28,25
DA:33,25
DA:37,25
DA:63,2
LF:5
LH:5
BRDA:17,0,0,19
BRDA:22,1,0,19
BRDA:22,1,1,6
BRDA:23,2,0,0
BRDA:23,2,1,6
BRDA:24,3,0,6
BRDA:24,3,1,0
BRDA:28,4,0,19
BRDA:28,4,1,6
BRDA:29,5,0,0
BRDA:29,5,1,6
BRDA:33,6,0,6
BRDA:33,6,1,19
BRDA:34,7,0,0
BRDA:34,7,1,19
BRDA:45,8,0,22
BRDA:45,8,1,3
BRDA:46,9,0,6
BRDA:46,9,1,19
BRDA:51,10,0,4
BRDA:51,10,1,21
BRDA:55,11,0,21
BRDA:55,11,1,5
BRF:23
BRH:19
end_of_record
TN:
SF:components\ui\Input.tsx
FN:16,Input
FN:43,(anonymous_1)
FN:44,(anonymous_2)
FNF:3
FNH:3
FNDA:53,Input
FNDA:1,(anonymous_1)
FNDA:1,(anonymous_2)
DA:20,53
DA:22,53
DA:43,1
DA:44,1
DA:69,2
LF:5
LH:5
BRDA:24,0,0,14
BRDA:24,0,1,39
BRDA:30,1,0,53
BRDA:30,1,1,1
BRDA:31,2,0,53
BRDA:31,2,1,1
BRDA:33,3,0,29
BRDA:33,3,1,24
BRDA:47,4,0,15
BRDA:47,4,1,38
BRDA:48,5,0,14
BRDA:48,5,1,1
BRDA:62,6,0,1
BRDA:62,6,1,52
BRF:14
BRH:14
end_of_record
TN:
SF:components\verify\AnalyzingScreen.tsx
FN:13,AnalyzingScreen
FN:37,(anonymous_1)
FNF:2
FNH:2
FNDA:1,AnalyzingScreen
FNDA:2,(anonymous_1)
DA:14,1
DA:15,1
DA:16,1
DA:18,1
DA:38,2
DA:39,2
DA:40,2
DA:42,2
LF:8
LH:8
BRDA:45,0,0,2
BRDA:45,0,1,1
BRDA:45,1,0,2
BRDA:45,1,1,1
BRDA:45,2,0,2
BRDA:45,2,1,0
BRDA:46,3,0,1
BRDA:46,3,1,1
BRDA:48,4,0,1
BRDA:48,4,1,0
BRDA:56,5,0,2
BRDA:56,5,1,0
BRDA:57,6,0,2
BRDA:57,6,1,2
BRDA:57,6,2,1
BRDA:57,6,3,2
BRDA:60,7,0,2
BRDA:60,7,1,1
BRDA:60,7,2,0
BRDA:63,8,0,2
BRDA:63,8,1,1
BRF:21
BRH:17
end_of_record
TN:
SF:components\verify\VerifyAudioTab.tsx
FN:18,VerifyAudioTab
FN:37,(anonymous_1)
FN:89,(anonymous_2)
FN:93,(anonymous_3)
FNF:4
FNH:4
FNDA:2,VerifyAudioTab
FNDA:56,(anonymous_1)
FNDA:2,(anonymous_2)
FNDA:1,(anonymous_3)
DA:22,2
DA:38,56
DA:90,2
DA:93,1
LF:4
LH:4
BRDA:28,0,0,2
BRDA:28,0,1,1
BRDA:33,1,0,1
BRDA:33,1,1,1
BRDA:42,2,0,28
BRDA:42,2,1,28
BRDA:49,3,0,1
BRDA:49,3,1,1
BRDA:60,4,0,2
BRDA:60,4,1,1
BRDA:66,5,0,1
BRDA:66,5,1,1
BRDA:73,6,0,1
BRDA:73,6,1,1
BRDA:73,7,0,1
BRDA:73,7,1,0
BRDA:75,8,0,2
BRDA:75,8,1,1
BRDA:78,9,0,1
BRDA:78,9,1,1
BRDA:92,10,0,2
BRDA:92,10,1,2
BRDA:104,11,0,2
BRDA:104,11,1,2
BRDA:105,12,0,2
BRDA:105,12,1,2
BRF:26
BRH:25
end_of_record
TN:
SF:components\verify\VerifyImageTab.tsx
FN:15,VerifyImageTab
FN:51,(anonymous_1)
FN:74,(anonymous_2)
FNF:3
FNH:3
FNDA:2,VerifyImageTab
FNDA:1,(anonymous_1)
FNDA:1,(anonymous_2)
DA:18,2
DA:51,1
DA:74,1
LF:3
LH:3
BRDA:23,0,0,1
BRDA:23,0,1,1
BRDA:36,1,0,2
BRDA:36,1,1,1
BRDA:49,2,0,1
BRDA:49,2,1,1
BRDA:54,3,0,1
BRDA:54,3,1,1
BRDA:58,4,0,1
BRDA:58,4,1,1
BRDA:61,5,0,1
BRDA:61,5,1,1
BRDA:64,6,0,1
BRDA:64,6,1,1
BRDA:72,7,0,1
BRDA:72,7,1,1
BRDA:77,8,0,1
BRDA:77,8,1,1
BRF:18
BRH:18
end_of_record
TN:
SF:components\verify\VerifyLoadingModal.tsx
FN:10,VerifyLoadingModal
FNF:1
FNH:1
FNDA:1,VerifyLoadingModal
DA:11,1
DA:23,1
LF:2
LH:2
BRDA:10,0,0,0
BRF:1
BRH:0
end_of_record
TN:
SF:components\verify\VerifyNavbar.tsx
FN:10,VerifyNavbar
FNF:1
FNH:1
FNDA:2,VerifyNavbar
DA:11,2
LF:1
LH:1
BRF:0
BRH:0
end_of_record
TN:
SF:components\verify\VerifyTabs.tsx
FN:12,VerifyTabs
FN:15,(anonymous_1)
FN:19,(anonymous_2)
FNF:3
FNH:3
FNDA:2,VerifyTabs
FNDA:8,(anonymous_1)
FNDA:1,(anonymous_2)
DA:13,2
DA:16,8
DA:19,1
LF:3
LH:3
BRDA:18,0,0,8
BRDA:18,0,1,2
BRDA:22,1,0,2
BRDA:22,1,1,6
BRDA:23,2,0,8
BRDA:23,2,1,2
BRF:6
BRH:6
end_of_record
TN:
SF:components\verify\VerifyTextTab.tsx
FN:11,VerifyTextTab
FNF:1
FNH:1
FNDA:2,VerifyTextTab
DA:12,2
LF:1
LH:1
BRF:0
BRH:0
end_of_record
TN:
SF:components\verify\VerifyUrlTab.tsx
FN:15,VerifyUrlTab
FN:19,(anonymous_1)
FN:93,(anonymous_2)
FNF:3
FNH:3
FNDA:3,VerifyUrlTab
FNDA:6,(anonymous_1)
FNDA:6,(anonymous_2)
DA:18,3
DA:19,3
DA:20,6
DA:23,3
DA:94,6
LF:5
LH:5
BRDA:18,0,0,3
BRDA:18,0,1,0
BRDA:39,1,0,3
BRDA:39,1,1,3
BRDA:46,2,0,3
BRDA:46,2,1,2
BRDA:46,2,2,3
BRDA:48,3,0,1
BRDA:48,3,1,2
BRDA:53,4,0,1
BRDA:53,4,1,1
BRDA:57,5,0,1
BRDA:57,5,1,0
BRDA:62,6,0,1
BRDA:62,6,1,0
BRDA:64,7,0,1
BRDA:64,7,1,0
BRDA:66,8,0,1
BRDA:66,8,1,1
BRDA:77,9,0,1
BRDA:77,9,1,0
BRDA:101,10,0,3
BRDA:101,10,1,3
BRDA:101,10,2,3
BRF:24
BRH:19
end_of_record
